<?xml version="1.0" encoding="UTF-8"?>
<testsuite xmlns:xsi="http://www.w3.org/2001/XMLSchema-instance" xsi:noNamespaceSchemaLocation="https://maven.apache.org/surefire/maven-surefire-plugin/xsd/surefire-test-report.xsd" name="top.apricityoba.forum.CommunityApplicationTests" time="5.502" tests="1" errors="0" skipped="0" failures="0">
  <properties>
    <property name="sun.desktop" value="windows"/>
    <property name="awt.toolkit" value="sun.awt.windows.WToolkit"/>
    <property name="file.encoding.pkg" value="sun.io"/>
    <property name="java.specification.version" value="1.8"/>
    <property name="sun.cpu.isalist" value="amd64"/>
    <property name="sun.jnu.encoding" value="GBK"/>
    <property name="java.class.path" value="D:\idea_workplace\GTA5Forum\target\test-classes;D:\idea_workplace\GTA5Forum\target\classes;D:\Program Files (x86)\apache-maven-3.6.3\Repository\org\springframework\boot\spring-boot-starter-web\2.1.6.RELEASE\spring-boot-starter-web-2.1.6.RELEASE.jar;D:\Program Files (x86)\apache-maven-3.6.3\Repository\org\springframework\boot\spring-boot-starter\2.1.6.RELEASE\spring-boot-starter-2.1.6.RELEASE.jar;D:\Program Files (x86)\apache-maven-3.6.3\Repository\org\springframework\boot\spring-boot-starter-logging\2.1.6.RELEASE\spring-boot-starter-logging-2.1.6.RELEASE.jar;D:\Program Files (x86)\apache-maven-3.6.3\Repository\ch\qos\logback\logback-classic\1.2.3\logback-classic-1.2.3.jar;D:\Program Files (x86)\apache-maven-3.6.3\Repository\ch\qos\logback\logback-core\1.2.3\logback-core-1.2.3.jar;D:\Program Files (x86)\apache-maven-3.6.3\Repository\org\apache\logging\log4j\log4j-to-slf4j\2.11.2\log4j-to-slf4j-2.11.2.jar;D:\Program Files (x86)\apache-maven-3.6.3\Repository\org\apache\logging\log4j\log4j-api\2.11.2\log4j-api-2.11.2.jar;D:\Program Files (x86)\apache-maven-3.6.3\Repository\org\slf4j\jul-to-slf4j\1.7.26\jul-to-slf4j-1.7.26.jar;D:\Program Files (x86)\apache-maven-3.6.3\Repository\javax\annotation\javax.annotation-api\1.3.2\javax.annotation-api-1.3.2.jar;D:\Program Files (x86)\apache-maven-3.6.3\Repository\org\yaml\snakeyaml\1.23\snakeyaml-1.23.jar;D:\Program Files (x86)\apache-maven-3.6.3\Repository\org\springframework\boot\spring-boot-starter-json\2.1.6.RELEASE\spring-boot-starter-json-2.1.6.RELEASE.jar;D:\Program Files (x86)\apache-maven-3.6.3\Repository\com\fasterxml\jackson\datatype\jackson-datatype-jdk8\2.9.9\jackson-datatype-jdk8-2.9.9.jar;D:\Program Files (x86)\apache-maven-3.6.3\Repository\com\fasterxml\jackson\datatype\jackson-datatype-jsr310\2.9.9\jackson-datatype-jsr310-2.9.9.jar;D:\Program Files (x86)\apache-maven-3.6.3\Repository\com\fasterxml\jackson\module\jackson-module-parameter-names\2.9.9\jackson-module-parameter-names-2.9.9.jar;D:\Program Files (x86)\apache-maven-3.6.3\Repository\org\springframework\boot\spring-boot-starter-tomcat\2.1.6.RELEASE\spring-boot-starter-tomcat-2.1.6.RELEASE.jar;D:\Program Files (x86)\apache-maven-3.6.3\Repository\org\apache\tomcat\embed\tomcat-embed-core\9.0.21\tomcat-embed-core-9.0.21.jar;D:\Program Files (x86)\apache-maven-3.6.3\Repository\org\apache\tomcat\embed\tomcat-embed-el\9.0.21\tomcat-embed-el-9.0.21.jar;D:\Program Files (x86)\apache-maven-3.6.3\Repository\org\apache\tomcat\embed\tomcat-embed-websocket\9.0.21\tomcat-embed-websocket-9.0.21.jar;D:\Program Files (x86)\apache-maven-3.6.3\Repository\org\hibernate\validator\hibernate-validator\6.0.17.Final\hibernate-validator-6.0.17.Final.jar;D:\Program Files (x86)\apache-maven-3.6.3\Repository\javax\validation\validation-api\2.0.1.Final\validation-api-2.0.1.Final.jar;D:\Program Files (x86)\apache-maven-3.6.3\Repository\org\jboss\logging\jboss-logging\3.3.2.Final\jboss-logging-3.3.2.Final.jar;D:\Program Files (x86)\apache-maven-3.6.3\Repository\org\springframework\spring-web\5.1.8.RELEASE\spring-web-5.1.8.RELEASE.jar;D:\Program Files (x86)\apache-maven-3.6.3\Repository\org\springframework\spring-beans\5.1.8.RELEASE\spring-beans-5.1.8.RELEASE.jar;D:\Program Files (x86)\apache-maven-3.6.3\Repository\org\springframework\spring-webmvc\5.1.8.RELEASE\spring-webmvc-5.1.8.RELEASE.jar;D:\Program Files (x86)\apache-maven-3.6.3\Repository\org\springframework\spring-aop\5.1.8.RELEASE\spring-aop-5.1.8.RELEASE.jar;D:\Program Files (x86)\apache-maven-3.6.3\Repository\org\springframework\spring-context\5.1.8.RELEASE\spring-context-5.1.8.RELEASE.jar;D:\Program Files (x86)\apache-maven-3.6.3\Repository\org\springframework\spring-expression\5.1.8.RELEASE\spring-expression-5.1.8.RELEASE.jar;D:\Program Files (x86)\apache-maven-3.6.3\Repository\org\springframework\boot\spring-boot-starter-thymeleaf\2.1.6.RELEASE\spring-boot-starter-thymeleaf-2.1.6.RELEASE.jar;D:\Program Files (x86)\apache-maven-3.6.3\Repository\org\thymeleaf\thymeleaf-spring5\3.0.11.RELEASE\thymeleaf-spring5-3.0.11.RELEASE.jar;D:\Program Files (x86)\apache-maven-3.6.3\Repository\org\thymeleaf\thymeleaf\3.0.11.RELEASE\thymeleaf-3.0.11.RELEASE.jar;D:\Program Files (x86)\apache-maven-3.6.3\Repository\org\attoparser\attoparser\2.0.5.RELEASE\attoparser-2.0.5.RELEASE.jar;D:\Program Files (x86)\apache-maven-3.6.3\Repository\org\unbescape\unbescape\1.1.6.RELEASE\unbescape-1.1.6.RELEASE.jar;D:\Program Files (x86)\apache-maven-3.6.3\Repository\org\thymeleaf\extras\thymeleaf-extras-java8time\3.0.4.RELEASE\thymeleaf-extras-java8time-3.0.4.RELEASE.jar;D:\Program Files (x86)\apache-maven-3.6.3\Repository\org\springframework\boot\spring-boot-starter-jdbc\2.1.6.RELEASE\spring-boot-starter-jdbc-2.1.6.RELEASE.jar;D:\Program Files (x86)\apache-maven-3.6.3\Repository\com\zaxxer\HikariCP\3.2.0\HikariCP-3.2.0.jar;D:\Program Files (x86)\apache-maven-3.6.3\Repository\org\springframework\spring-jdbc\5.1.8.RELEASE\spring-jdbc-5.1.8.RELEASE.jar;D:\Program Files (x86)\apache-maven-3.6.3\Repository\org\springframework\spring-tx\5.1.8.RELEASE\spring-tx-5.1.8.RELEASE.jar;D:\Program Files (x86)\apache-maven-3.6.3\Repository\org\springframework\boot\spring-boot-starter-test\2.1.6.RELEASE\spring-boot-starter-test-2.1.6.RELEASE.jar;D:\Program Files (x86)\apache-maven-3.6.3\Repository\org\springframework\boot\spring-boot-test\2.1.6.RELEASE\spring-boot-test-2.1.6.RELEASE.jar;D:\Program Files (x86)\apache-maven-3.6.3\Repository\org\springframework\boot\spring-boot-test-autoconfigure\2.1.6.RELEASE\spring-boot-test-autoconfigure-2.1.6.RELEASE.jar;D:\Program Files (x86)\apache-maven-3.6.3\Repository\com\jayway\jsonpath\json-path\2.4.0\json-path-2.4.0.jar;D:\Program Files (x86)\apache-maven-3.6.3\Repository\net\minidev\json-smart\2.3\json-smart-2.3.jar;D:\Program Files (x86)\apache-maven-3.6.3\Repository\net\minidev\accessors-smart\1.2\accessors-smart-1.2.jar;D:\Program Files (x86)\apache-maven-3.6.3\Repository\org\ow2\asm\asm\5.0.4\asm-5.0.4.jar;D:\Program Files (x86)\apache-maven-3.6.3\Repository\junit\junit\4.12\junit-4.12.jar;D:\Program Files (x86)\apache-maven-3.6.3\Repository\org\assertj\assertj-core\3.11.1\assertj-core-3.11.1.jar;D:\Program Files (x86)\apache-maven-3.6.3\Repository\org\mockito\mockito-core\2.23.4\mockito-core-2.23.4.jar;D:\Program Files (x86)\apache-maven-3.6.3\Repository\net\bytebuddy\byte-buddy\1.9.13\byte-buddy-1.9.13.jar;D:\Program Files (x86)\apache-maven-3.6.3\Repository\net\bytebuddy\byte-buddy-agent\1.9.13\byte-buddy-agent-1.9.13.jar;D:\Program Files (x86)\apache-maven-3.6.3\Repository\org\objenesis\objenesis\2.6\objenesis-2.6.jar;D:\Program Files (x86)\apache-maven-3.6.3\Repository\org\hamcrest\hamcrest-core\1.3\hamcrest-core-1.3.jar;D:\Program Files (x86)\apache-maven-3.6.3\Repository\org\hamcrest\hamcrest-library\1.3\hamcrest-library-1.3.jar;D:\Program Files (x86)\apache-maven-3.6.3\Repository\org\skyscreamer\jsonassert\1.5.0\jsonassert-1.5.0.jar;D:\Program Files (x86)\apache-maven-3.6.3\Repository\com\vaadin\external\google\android-json\0.0.20131108.vaadin1\android-json-0.0.20131108.vaadin1.jar;D:\Program Files (x86)\apache-maven-3.6.3\Repository\org\springframework\spring-core\5.1.8.RELEASE\spring-core-5.1.8.RELEASE.jar;D:\Program Files (x86)\apache-maven-3.6.3\Repository\org\springframework\spring-jcl\5.1.8.RELEASE\spring-jcl-5.1.8.RELEASE.jar;D:\Program Files (x86)\apache-maven-3.6.3\Repository\org\springframework\spring-test\5.1.8.RELEASE\spring-test-5.1.8.RELEASE.jar;D:\Program Files (x86)\apache-maven-3.6.3\Repository\org\xmlunit\xmlunit-core\2.6.2\xmlunit-core-2.6.2.jar;D:\Program Files (x86)\apache-maven-3.6.3\Repository\org\springframework\boot\spring-boot-starter-mail\2.1.6.RELEASE\spring-boot-starter-mail-2.1.6.RELEASE.jar;D:\Program Files (x86)\apache-maven-3.6.3\Repository\org\springframework\spring-context-support\5.1.8.RELEASE\spring-context-support-5.1.8.RELEASE.jar;D:\Program Files (x86)\apache-maven-3.6.3\Repository\com\sun\mail\javax.mail\1.6.2\javax.mail-1.6.2.jar;D:\Program Files (x86)\apache-maven-3.6.3\Repository\javax\activation\activation\1.1\activation-1.1.jar;D:\Program Files (x86)\apache-maven-3.6.3\Repository\com\squareup\okhttp3\okhttp\3.14.1\okhttp-3.14.1.jar;D:\Program Files (x86)\apache-maven-3.6.3\Repository\com\squareup\okio\okio\1.17.2\okio-1.17.2.jar;D:\Program Files (x86)\apache-maven-3.6.3\Repository\com\alibaba\fastjson\1.2.57\fastjson-1.2.57.jar;D:\Program Files (x86)\apache-maven-3.6.3\Repository\net\sf\trove4j\core\3.1.0\core-3.1.0.jar;D:\Program Files (x86)\apache-maven-3.6.3\Repository\org\mybatis\spring\boot\mybatis-spring-boot-starter\2.1.0\mybatis-spring-boot-starter-2.1.0.jar;D:\Program Files (x86)\apache-maven-3.6.3\Repository\org\mybatis\spring\boot\mybatis-spring-boot-autoconfigure\2.1.0\mybatis-spring-boot-autoconfigure-2.1.0.jar;D:\Program Files (x86)\apache-maven-3.6.3\Repository\org\mybatis\mybatis\3.5.2\mybatis-3.5.2.jar;D:\Program Files (x86)\apache-maven-3.6.3\Repository\org\mybatis\mybatis-spring\2.0.2\mybatis-spring-2.0.2.jar;D:\Program Files (x86)\apache-maven-3.6.3\Repository\mysql\mysql-connector-java\8.0.23\mysql-connector-java-8.0.23.jar;D:\Program Files (x86)\apache-maven-3.6.3\Repository\org\projectlombok\lombok\1.18.8\lombok-1.18.8.jar;D:\Program Files (x86)\apache-maven-3.6.3\Repository\org\springframework\boot\spring-boot-devtools\2.1.6.RELEASE\spring-boot-devtools-2.1.6.RELEASE.jar;D:\Program Files (x86)\apache-maven-3.6.3\Repository\org\springframework\boot\spring-boot\2.1.6.RELEASE\spring-boot-2.1.6.RELEASE.jar;D:\Program Files (x86)\apache-maven-3.6.3\Repository\org\springframework\boot\spring-boot-autoconfigure\2.1.6.RELEASE\spring-boot-autoconfigure-2.1.6.RELEASE.jar;D:\Program Files (x86)\apache-maven-3.6.3\Repository\org\apache\commons\commons-lang3\3.8.1\commons-lang3-3.8.1.jar;D:\Program Files (x86)\apache-maven-3.6.3\Repository\commons-fileupload\commons-fileupload\1.3.3\commons-fileupload-1.3.3.jar;D:\Program Files (x86)\apache-maven-3.6.3\Repository\commons-io\commons-io\2.2\commons-io-2.2.jar;D:\Program Files (x86)\apache-maven-3.6.3\Repository\com\qcloud\cos_api\5.6.1\cos_api-5.6.1.jar;D:\Program Files (x86)\apache-maven-3.6.3\Repository\org\apache\httpcomponents\httpclient\4.5.9\httpclient-4.5.9.jar;D:\Program Files (x86)\apache-maven-3.6.3\Repository\org\apache\httpcomponents\httpcore\4.4.11\httpcore-4.4.11.jar;D:\Program Files (x86)\apache-maven-3.6.3\Repository\org\slf4j\slf4j-api\1.7.26\slf4j-api-1.7.26.jar;D:\Program Files (x86)\apache-maven-3.6.3\Repository\commons-codec\commons-codec\1.11\commons-codec-1.11.jar;D:\Program Files (x86)\apache-maven-3.6.3\Repository\joda-time\joda-time\2.10.2\joda-time-2.10.2.jar;D:\Program Files (x86)\apache-maven-3.6.3\Repository\com\fasterxml\jackson\core\jackson-databind\2.9.9\jackson-databind-2.9.9.jar;D:\Program Files (x86)\apache-maven-3.6.3\Repository\com\fasterxml\jackson\core\jackson-annotations\2.9.0\jackson-annotations-2.9.0.jar;D:\Program Files (x86)\apache-maven-3.6.3\Repository\com\fasterxml\jackson\core\jackson-core\2.9.9\jackson-core-2.9.9.jar;D:\Program Files (x86)\apache-maven-3.6.3\Repository\org\bouncycastle\bcprov-jdk15on\1.59\bcprov-jdk15on-1.59.jar;D:\Program Files (x86)\apache-maven-3.6.3\Repository\cn\jpush\api\jsms-client\1.2.9\jsms-client-1.2.9.jar;D:\Program Files (x86)\apache-maven-3.6.3\Repository\com\google\code\gson\gson\2.8.5\gson-2.8.5.jar;D:\Program Files (x86)\apache-maven-3.6.3\Repository\cn\jpush\api\jiguang-common\1.0.8\jiguang-common-1.0.8.jar;D:\Program Files (x86)\apache-maven-3.6.3\Repository\io\netty\netty-all\4.1.36.Final\netty-all-4.1.36.Final.jar;D:\Program Files (x86)\apache-maven-3.6.3\Repository\com\tencentcloudapi\tencentcloud-sdk-java\3.0.126\tencentcloud-sdk-java-3.0.126.jar;D:\Program Files (x86)\apache-maven-3.6.3\Repository\com\squareup\okhttp\okhttp\2.5.0\okhttp-2.5.0.jar;D:\Program Files (x86)\apache-maven-3.6.3\Repository\javax\xml\bind\jaxb-api\2.3.1\jaxb-api-2.3.1.jar;D:\Program Files (x86)\apache-maven-3.6.3\Repository\javax\activation\javax.activation-api\1.2.0\javax.activation-api-1.2.0.jar;D:\Program Files (x86)\apache-maven-3.6.3\Repository\net\jodah\expiringmap\0.5.9\expiringmap-0.5.9.jar;D:\Program Files (x86)\apache-maven-3.6.3\Repository\com\baidu\aip\java-sdk\4.12.0\java-sdk-4.12.0.jar;D:\Program Files (x86)\apache-maven-3.6.3\Repository\org\json\json\20160810\json-20160810.jar;D:\Program Files (x86)\apache-maven-3.6.3\Repository\com\tinify\tinify\1.6.4\tinify-1.6.4.jar;D:\Program Files (x86)\apache-maven-3.6.3\Repository\com\auth0\java-jwt\3.4.0\java-jwt-3.4.0.jar;D:\Program Files (x86)\apache-maven-3.6.3\Repository\io\springfox\springfox-swagger2\2.9.2\springfox-swagger2-2.9.2.jar;D:\Program Files (x86)\apache-maven-3.6.3\Repository\io\swagger\swagger-annotations\1.5.20\swagger-annotations-1.5.20.jar;D:\Program Files (x86)\apache-maven-3.6.3\Repository\io\swagger\swagger-models\1.5.20\swagger-models-1.5.20.jar;D:\Program Files (x86)\apache-maven-3.6.3\Repository\io\springfox\springfox-spi\2.9.2\springfox-spi-2.9.2.jar;D:\Program Files (x86)\apache-maven-3.6.3\Repository\io\springfox\springfox-core\2.9.2\springfox-core-2.9.2.jar;D:\Program Files (x86)\apache-maven-3.6.3\Repository\io\springfox\springfox-schema\2.9.2\springfox-schema-2.9.2.jar;D:\Program Files (x86)\apache-maven-3.6.3\Repository\io\springfox\springfox-swagger-common\2.9.2\springfox-swagger-common-2.9.2.jar;D:\Program Files (x86)\apache-maven-3.6.3\Repository\io\springfox\springfox-spring-web\2.9.2\springfox-spring-web-2.9.2.jar;D:\Program Files (x86)\apache-maven-3.6.3\Repository\com\google\guava\guava\20.0\guava-20.0.jar;D:\Program Files (x86)\apache-maven-3.6.3\Repository\com\fasterxml\classmate\1.4.0\classmate-1.4.0.jar;D:\Program Files (x86)\apache-maven-3.6.3\Repository\org\springframework\plugin\spring-plugin-core\1.2.0.RELEASE\spring-plugin-core-1.2.0.RELEASE.jar;D:\Program Files (x86)\apache-maven-3.6.3\Repository\org\springframework\plugin\spring-plugin-metadata\1.2.0.RELEASE\spring-plugin-metadata-1.2.0.RELEASE.jar;D:\Program Files (x86)\apache-maven-3.6.3\Repository\org\mapstruct\mapstruct\1.2.0.Final\mapstruct-1.2.0.Final.jar;D:\Program Files (x86)\apache-maven-3.6.3\Repository\com\github\xiaoymin\swagger-bootstrap-ui\1.9.6\swagger-bootstrap-ui-1.9.6.jar;D:\Program Files (x86)\apache-maven-3.6.3\Repository\org\javassist\javassist\3.25.0-GA\javassist-3.25.0-GA.jar;"/>
    <property name="java.vm.vendor" value="Oracle Corporation"/>
    <property name="sun.arch.data.model" value="64"/>
    <property name="user.variant" value=""/>
    <property name="java.vendor.url" value="http://java.oracle.com/"/>
    <property name="user.timezone" value="Asia/Shanghai"/>
    <property name="java.vm.specification.version" value="1.8"/>
    <property name="os.name" value="Windows 10"/>
    <property name="user.country" value="CN"/>
    <property name="sun.java.launcher" value="SUN_STANDARD"/>
    <property name="sun.boot.library.path" value="C:\Program Files\Java\jdk1.8.0_281\jre\bin"/>
    <property name="sun.java.command" value="C:\Users\apric\AppData\Local\Temp\surefire4031483640249430692\surefirebooter4463074415218823191.jar C:\Users\apric\AppData\Local\Temp\surefire4031483640249430692 2021-05-31T16-27-41_913-jvmRun1 surefire8836076019266015824tmp surefire_03474239434525134279tmp"/>
    <property name="surefire.test.class.path" value="D:\idea_workplace\GTA5Forum\target\test-classes;D:\idea_workplace\GTA5Forum\target\classes;D:\Program Files (x86)\apache-maven-3.6.3\Repository\org\springframework\boot\spring-boot-starter-web\2.1.6.RELEASE\spring-boot-starter-web-2.1.6.RELEASE.jar;D:\Program Files (x86)\apache-maven-3.6.3\Repository\org\springframework\boot\spring-boot-starter\2.1.6.RELEASE\spring-boot-starter-2.1.6.RELEASE.jar;D:\Program Files (x86)\apache-maven-3.6.3\Repository\org\springframework\boot\spring-boot-starter-logging\2.1.6.RELEASE\spring-boot-starter-logging-2.1.6.RELEASE.jar;D:\Program Files (x86)\apache-maven-3.6.3\Repository\ch\qos\logback\logback-classic\1.2.3\logback-classic-1.2.3.jar;D:\Program Files (x86)\apache-maven-3.6.3\Repository\ch\qos\logback\logback-core\1.2.3\logback-core-1.2.3.jar;D:\Program Files (x86)\apache-maven-3.6.3\Repository\org\apache\logging\log4j\log4j-to-slf4j\2.11.2\log4j-to-slf4j-2.11.2.jar;D:\Program Files (x86)\apache-maven-3.6.3\Repository\org\apache\logging\log4j\log4j-api\2.11.2\log4j-api-2.11.2.jar;D:\Program Files (x86)\apache-maven-3.6.3\Repository\org\slf4j\jul-to-slf4j\1.7.26\jul-to-slf4j-1.7.26.jar;D:\Program Files (x86)\apache-maven-3.6.3\Repository\javax\annotation\javax.annotation-api\1.3.2\javax.annotation-api-1.3.2.jar;D:\Program Files (x86)\apache-maven-3.6.3\Repository\org\yaml\snakeyaml\1.23\snakeyaml-1.23.jar;D:\Program Files (x86)\apache-maven-3.6.3\Repository\org\springframework\boot\spring-boot-starter-json\2.1.6.RELEASE\spring-boot-starter-json-2.1.6.RELEASE.jar;D:\Program Files (x86)\apache-maven-3.6.3\Repository\com\fasterxml\jackson\datatype\jackson-datatype-jdk8\2.9.9\jackson-datatype-jdk8-2.9.9.jar;D:\Program Files (x86)\apache-maven-3.6.3\Repository\com\fasterxml\jackson\datatype\jackson-datatype-jsr310\2.9.9\jackson-datatype-jsr310-2.9.9.jar;D:\Program Files (x86)\apache-maven-3.6.3\Repository\com\fasterxml\jackson\module\jackson-module-parameter-names\2.9.9\jackson-module-parameter-names-2.9.9.jar;D:\Program Files (x86)\apache-maven-3.6.3\Repository\org\springframework\boot\spring-boot-starter-tomcat\2.1.6.RELEASE\spring-boot-starter-tomcat-2.1.6.RELEASE.jar;D:\Program Files (x86)\apache-maven-3.6.3\Repository\org\apache\tomcat\embed\tomcat-embed-core\9.0.21\tomcat-embed-core-9.0.21.jar;D:\Program Files (x86)\apache-maven-3.6.3\Repository\org\apache\tomcat\embed\tomcat-embed-el\9.0.21\tomcat-embed-el-9.0.21.jar;D:\Program Files (x86)\apache-maven-3.6.3\Repository\org\apache\tomcat\embed\tomcat-embed-websocket\9.0.21\tomcat-embed-websocket-9.0.21.jar;D:\Program Files (x86)\apache-maven-3.6.3\Repository\org\hibernate\validator\hibernate-validator\6.0.17.Final\hibernate-validator-6.0.17.Final.jar;D:\Program Files (x86)\apache-maven-3.6.3\Repository\javax\validation\validation-api\2.0.1.Final\validation-api-2.0.1.Final.jar;D:\Program Files (x86)\apache-maven-3.6.3\Repository\org\jboss\logging\jboss-logging\3.3.2.Final\jboss-logging-3.3.2.Final.jar;D:\Program Files (x86)\apache-maven-3.6.3\Repository\org\springframework\spring-web\5.1.8.RELEASE\spring-web-5.1.8.RELEASE.jar;D:\Program Files (x86)\apache-maven-3.6.3\Repository\org\springframework\spring-beans\5.1.8.RELEASE\spring-beans-5.1.8.RELEASE.jar;D:\Program Files (x86)\apache-maven-3.6.3\Repository\org\springframework\spring-webmvc\5.1.8.RELEASE\spring-webmvc-5.1.8.RELEASE.jar;D:\Program Files (x86)\apache-maven-3.6.3\Repository\org\springframework\spring-aop\5.1.8.RELEASE\spring-aop-5.1.8.RELEASE.jar;D:\Program Files (x86)\apache-maven-3.6.3\Repository\org\springframework\spring-context\5.1.8.RELEASE\spring-context-5.1.8.RELEASE.jar;D:\Program Files (x86)\apache-maven-3.6.3\Repository\org\springframework\spring-expression\5.1.8.RELEASE\spring-expression-5.1.8.RELEASE.jar;D:\Program Files (x86)\apache-maven-3.6.3\Repository\org\springframework\boot\spring-boot-starter-thymeleaf\2.1.6.RELEASE\spring-boot-starter-thymeleaf-2.1.6.RELEASE.jar;D:\Program Files (x86)\apache-maven-3.6.3\Repository\org\thymeleaf\thymeleaf-spring5\3.0.11.RELEASE\thymeleaf-spring5-3.0.11.RELEASE.jar;D:\Program Files (x86)\apache-maven-3.6.3\Repository\org\thymeleaf\thymeleaf\3.0.11.RELEASE\thymeleaf-3.0.11.RELEASE.jar;D:\Program Files (x86)\apache-maven-3.6.3\Repository\org\attoparser\attoparser\2.0.5.RELEASE\attoparser-2.0.5.RELEASE.jar;D:\Program Files (x86)\apache-maven-3.6.3\Repository\org\unbescape\unbescape\1.1.6.RELEASE\unbescape-1.1.6.RELEASE.jar;D:\Program Files (x86)\apache-maven-3.6.3\Repository\org\thymeleaf\extras\thymeleaf-extras-java8time\3.0.4.RELEASE\thymeleaf-extras-java8time-3.0.4.RELEASE.jar;D:\Program Files (x86)\apache-maven-3.6.3\Repository\org\springframework\boot\spring-boot-starter-jdbc\2.1.6.RELEASE\spring-boot-starter-jdbc-2.1.6.RELEASE.jar;D:\Program Files (x86)\apache-maven-3.6.3\Repository\com\zaxxer\HikariCP\3.2.0\HikariCP-3.2.0.jar;D:\Program Files (x86)\apache-maven-3.6.3\Repository\org\springframework\spring-jdbc\5.1.8.RELEASE\spring-jdbc-5.1.8.RELEASE.jar;D:\Program Files (x86)\apache-maven-3.6.3\Repository\org\springframework\spring-tx\5.1.8.RELEASE\spring-tx-5.1.8.RELEASE.jar;D:\Program Files (x86)\apache-maven-3.6.3\Repository\org\springframework\boot\spring-boot-starter-test\2.1.6.RELEASE\spring-boot-starter-test-2.1.6.RELEASE.jar;D:\Program Files (x86)\apache-maven-3.6.3\Repository\org\springframework\boot\spring-boot-test\2.1.6.RELEASE\spring-boot-test-2.1.6.RELEASE.jar;D:\Program Files (x86)\apache-maven-3.6.3\Repository\org\springframework\boot\spring-boot-test-autoconfigure\2.1.6.RELEASE\spring-boot-test-autoconfigure-2.1.6.RELEASE.jar;D:\Program Files (x86)\apache-maven-3.6.3\Repository\com\jayway\jsonpath\json-path\2.4.0\json-path-2.4.0.jar;D:\Program Files (x86)\apache-maven-3.6.3\Repository\net\minidev\json-smart\2.3\json-smart-2.3.jar;D:\Program Files (x86)\apache-maven-3.6.3\Repository\net\minidev\accessors-smart\1.2\accessors-smart-1.2.jar;D:\Program Files (x86)\apache-maven-3.6.3\Repository\org\ow2\asm\asm\5.0.4\asm-5.0.4.jar;D:\Program Files (x86)\apache-maven-3.6.3\Repository\junit\junit\4.12\junit-4.12.jar;D:\Program Files (x86)\apache-maven-3.6.3\Repository\org\assertj\assertj-core\3.11.1\assertj-core-3.11.1.jar;D:\Program Files (x86)\apache-maven-3.6.3\Repository\org\mockito\mockito-core\2.23.4\mockito-core-2.23.4.jar;D:\Program Files (x86)\apache-maven-3.6.3\Repository\net\bytebuddy\byte-buddy\1.9.13\byte-buddy-1.9.13.jar;D:\Program Files (x86)\apache-maven-3.6.3\Repository\net\bytebuddy\byte-buddy-agent\1.9.13\byte-buddy-agent-1.9.13.jar;D:\Program Files (x86)\apache-maven-3.6.3\Repository\org\objenesis\objenesis\2.6\objenesis-2.6.jar;D:\Program Files (x86)\apache-maven-3.6.3\Repository\org\hamcrest\hamcrest-core\1.3\hamcrest-core-1.3.jar;D:\Program Files (x86)\apache-maven-3.6.3\Repository\org\hamcrest\hamcrest-library\1.3\hamcrest-library-1.3.jar;D:\Program Files (x86)\apache-maven-3.6.3\Repository\org\skyscreamer\jsonassert\1.5.0\jsonassert-1.5.0.jar;D:\Program Files (x86)\apache-maven-3.6.3\Repository\com\vaadin\external\google\android-json\0.0.20131108.vaadin1\android-json-0.0.20131108.vaadin1.jar;D:\Program Files (x86)\apache-maven-3.6.3\Repository\org\springframework\spring-core\5.1.8.RELEASE\spring-core-5.1.8.RELEASE.jar;D:\Program Files (x86)\apache-maven-3.6.3\Repository\org\springframework\spring-jcl\5.1.8.RELEASE\spring-jcl-5.1.8.RELEASE.jar;D:\Program Files (x86)\apache-maven-3.6.3\Repository\org\springframework\spring-test\5.1.8.RELEASE\spring-test-5.1.8.RELEASE.jar;D:\Program Files (x86)\apache-maven-3.6.3\Repository\org\xmlunit\xmlunit-core\2.6.2\xmlunit-core-2.6.2.jar;D:\Program Files (x86)\apache-maven-3.6.3\Repository\org\springframework\boot\spring-boot-starter-mail\2.1.6.RELEASE\spring-boot-starter-mail-2.1.6.RELEASE.jar;D:\Program Files (x86)\apache-maven-3.6.3\Repository\org\springframework\spring-context-support\5.1.8.RELEASE\spring-context-support-5.1.8.RELEASE.jar;D:\Program Files (x86)\apache-maven-3.6.3\Repository\com\sun\mail\javax.mail\1.6.2\javax.mail-1.6.2.jar;D:\Program Files (x86)\apache-maven-3.6.3\Repository\javax\activation\activation\1.1\activation-1.1.jar;D:\Program Files (x86)\apache-maven-3.6.3\Repository\com\squareup\okhttp3\okhttp\3.14.1\okhttp-3.14.1.jar;D:\Program Files (x86)\apache-maven-3.6.3\Repository\com\squareup\okio\okio\1.17.2\okio-1.17.2.jar;D:\Program Files (x86)\apache-maven-3.6.3\Repository\com\alibaba\fastjson\1.2.57\fastjson-1.2.57.jar;D:\Program Files (x86)\apache-maven-3.6.3\Repository\net\sf\trove4j\core\3.1.0\core-3.1.0.jar;D:\Program Files (x86)\apache-maven-3.6.3\Repository\org\mybatis\spring\boot\mybatis-spring-boot-starter\2.1.0\mybatis-spring-boot-starter-2.1.0.jar;D:\Program Files (x86)\apache-maven-3.6.3\Repository\org\mybatis\spring\boot\mybatis-spring-boot-autoconfigure\2.1.0\mybatis-spring-boot-autoconfigure-2.1.0.jar;D:\Program Files (x86)\apache-maven-3.6.3\Repository\org\mybatis\mybatis\3.5.2\mybatis-3.5.2.jar;D:\Program Files (x86)\apache-maven-3.6.3\Repository\org\mybatis\mybatis-spring\2.0.2\mybatis-spring-2.0.2.jar;D:\Program Files (x86)\apache-maven-3.6.3\Repository\mysql\mysql-connector-java\8.0.23\mysql-connector-java-8.0.23.jar;D:\Program Files (x86)\apache-maven-3.6.3\Repository\org\projectlombok\lombok\1.18.8\lombok-1.18.8.jar;D:\Program Files (x86)\apache-maven-3.6.3\Repository\org\springframework\boot\spring-boot-devtools\2.1.6.RELEASE\spring-boot-devtools-2.1.6.RELEASE.jar;D:\Program Files (x86)\apache-maven-3.6.3\Repository\org\springframework\boot\spring-boot\2.1.6.RELEASE\spring-boot-2.1.6.RELEASE.jar;D:\Program Files (x86)\apache-maven-3.6.3\Repository\org\springframework\boot\spring-boot-autoconfigure\2.1.6.RELEASE\spring-boot-autoconfigure-2.1.6.RELEASE.jar;D:\Program Files (x86)\apache-maven-3.6.3\Repository\org\apache\commons\commons-lang3\3.8.1\commons-lang3-3.8.1.jar;D:\Program Files (x86)\apache-maven-3.6.3\Repository\commons-fileupload\commons-fileupload\1.3.3\commons-fileupload-1.3.3.jar;D:\Program Files (x86)\apache-maven-3.6.3\Repository\commons-io\commons-io\2.2\commons-io-2.2.jar;D:\Program Files (x86)\apache-maven-3.6.3\Repository\com\qcloud\cos_api\5.6.1\cos_api-5.6.1.jar;D:\Program Files (x86)\apache-maven-3.6.3\Repository\org\apache\httpcomponents\httpclient\4.5.9\httpclient-4.5.9.jar;D:\Program Files (x86)\apache-maven-3.6.3\Repository\org\apache\httpcomponents\httpcore\4.4.11\httpcore-4.4.11.jar;D:\Program Files (x86)\apache-maven-3.6.3\Repository\org\slf4j\slf4j-api\1.7.26\slf4j-api-1.7.26.jar;D:\Program Files (x86)\apache-maven-3.6.3\Repository\commons-codec\commons-codec\1.11\commons-codec-1.11.jar;D:\Program Files (x86)\apache-maven-3.6.3\Repository\joda-time\joda-time\2.10.2\joda-time-2.10.2.jar;D:\Program Files (x86)\apache-maven-3.6.3\Repository\com\fasterxml\jackson\core\jackson-databind\2.9.9\jackson-databind-2.9.9.jar;D:\Program Files (x86)\apache-maven-3.6.3\Repository\com\fasterxml\jackson\core\jackson-annotations\2.9.0\jackson-annotations-2.9.0.jar;D:\Program Files (x86)\apache-maven-3.6.3\Repository\com\fasterxml\jackson\core\jackson-core\2.9.9\jackson-core-2.9.9.jar;D:\Program Files (x86)\apache-maven-3.6.3\Repository\org\bouncycastle\bcprov-jdk15on\1.59\bcprov-jdk15on-1.59.jar;D:\Program Files (x86)\apache-maven-3.6.3\Repository\cn\jpush\api\jsms-client\1.2.9\jsms-client-1.2.9.jar;D:\Program Files (x86)\apache-maven-3.6.3\Repository\com\google\code\gson\gson\2.8.5\gson-2.8.5.jar;D:\Program Files (x86)\apache-maven-3.6.3\Repository\cn\jpush\api\jiguang-common\1.0.8\jiguang-common-1.0.8.jar;D:\Program Files (x86)\apache-maven-3.6.3\Repository\io\netty\netty-all\4.1.36.Final\netty-all-4.1.36.Final.jar;D:\Program Files (x86)\apache-maven-3.6.3\Repository\com\tencentcloudapi\tencentcloud-sdk-java\3.0.126\tencentcloud-sdk-java-3.0.126.jar;D:\Program Files (x86)\apache-maven-3.6.3\Repository\com\squareup\okhttp\okhttp\2.5.0\okhttp-2.5.0.jar;D:\Program Files (x86)\apache-maven-3.6.3\Repository\javax\xml\bind\jaxb-api\2.3.1\jaxb-api-2.3.1.jar;D:\Program Files (x86)\apache-maven-3.6.3\Repository\javax\activation\javax.activation-api\1.2.0\javax.activation-api-1.2.0.jar;D:\Program Files (x86)\apache-maven-3.6.3\Repository\net\jodah\expiringmap\0.5.9\expiringmap-0.5.9.jar;D:\Program Files (x86)\apache-maven-3.6.3\Repository\com\baidu\aip\java-sdk\4.12.0\java-sdk-4.12.0.jar;D:\Program Files (x86)\apache-maven-3.6.3\Repository\org\json\json\20160810\json-20160810.jar;D:\Program Files (x86)\apache-maven-3.6.3\Repository\com\tinify\tinify\1.6.4\tinify-1.6.4.jar;D:\Program Files (x86)\apache-maven-3.6.3\Repository\com\auth0\java-jwt\3.4.0\java-jwt-3.4.0.jar;D:\Program Files (x86)\apache-maven-3.6.3\Repository\io\springfox\springfox-swagger2\2.9.2\springfox-swagger2-2.9.2.jar;D:\Program Files (x86)\apache-maven-3.6.3\Repository\io\swagger\swagger-annotations\1.5.20\swagger-annotations-1.5.20.jar;D:\Program Files (x86)\apache-maven-3.6.3\Repository\io\swagger\swagger-models\1.5.20\swagger-models-1.5.20.jar;D:\Program Files (x86)\apache-maven-3.6.3\Repository\io\springfox\springfox-spi\2.9.2\springfox-spi-2.9.2.jar;D:\Program Files (x86)\apache-maven-3.6.3\Repository\io\springfox\springfox-core\2.9.2\springfox-core-2.9.2.jar;D:\Program Files (x86)\apache-maven-3.6.3\Repository\io\springfox\springfox-schema\2.9.2\springfox-schema-2.9.2.jar;D:\Program Files (x86)\apache-maven-3.6.3\Repository\io\springfox\springfox-swagger-common\2.9.2\springfox-swagger-common-2.9.2.jar;D:\Program Files (x86)\apache-maven-3.6.3\Repository\io\springfox\springfox-spring-web\2.9.2\springfox-spring-web-2.9.2.jar;D:\Program Files (x86)\apache-maven-3.6.3\Repository\com\google\guava\guava\20.0\guava-20.0.jar;D:\Program Files (x86)\apache-maven-3.6.3\Repository\com\fasterxml\classmate\1.4.0\classmate-1.4.0.jar;D:\Program Files (x86)\apache-maven-3.6.3\Repository\org\springframework\plugin\spring-plugin-core\1.2.0.RELEASE\spring-plugin-core-1.2.0.RELEASE.jar;D:\Program Files (x86)\apache-maven-3.6.3\Repository\org\springframework\plugin\spring-plugin-metadata\1.2.0.RELEASE\spring-plugin-metadata-1.2.0.RELEASE.jar;D:\Program Files (x86)\apache-maven-3.6.3\Repository\org\mapstruct\mapstruct\1.2.0.Final\mapstruct-1.2.0.Final.jar;D:\Program Files (x86)\apache-maven-3.6.3\Repository\com\github\xiaoymin\swagger-bootstrap-ui\1.9.6\swagger-bootstrap-ui-1.9.6.jar;D:\Program Files (x86)\apache-maven-3.6.3\Repository\org\javassist\javassist\3.25.0-GA\javassist-3.25.0-GA.jar;"/>
    <property name="sun.cpu.endian" value="little"/>
    <property name="user.home" value="C:\Users\apric"/>
    <property name="user.language" value="zh"/>
    <property name="java.specification.vendor" value="Oracle Corporation"/>
    <property name="java.home" value="C:\Program Files\Java\jdk1.8.0_281\jre"/>
    <property name="basedir" value="D:\idea_workplace\GTA5Forum"/>
    <property name="file.separator" value="\"/>
    <property name="line.separator" value="&#10;"/>
    <property name="java.vm.specification.vendor" value="Oracle Corporation"/>
    <property name="java.specification.name" value="Java Platform API Specification"/>
    <property name="java.awt.graphicsenv" value="sun.awt.Win32GraphicsEnvironment"/>
    <property name="surefire.real.class.path" value="C:\Users\apric\AppData\Local\Temp\surefire4031483640249430692\surefirebooter4463074415218823191.jar"/>
    <property name="sun.boot.class.path" value="C:\Program Files\Java\jdk1.8.0_281\jre\lib\resources.jar;C:\Program Files\Java\jdk1.8.0_281\jre\lib\rt.jar;C:\Program Files\Java\jdk1.8.0_281\jre\lib\sunrsasign.jar;C:\Program Files\Java\jdk1.8.0_281\jre\lib\jsse.jar;C:\Program Files\Java\jdk1.8.0_281\jre\lib\jce.jar;C:\Program Files\Java\jdk1.8.0_281\jre\lib\charsets.jar;C:\Program Files\Java\jdk1.8.0_281\jre\lib\jfr.jar;C:\Program Files\Java\jdk1.8.0_281\jre\classes"/>
    <property name="user.script" value=""/>
    <property name="sun.management.compiler" value="HotSpot 64-Bit Tiered Compilers"/>
    <property name="java.runtime.version" value="1.8.0_281-b09"/>
    <property name="user.name" value="apric"/>
    <property name="path.separator" value=";"/>
    <property name="os.version" value="10.0"/>
    <property name="java.endorsed.dirs" value="C:\Program Files\Java\jdk1.8.0_281\jre\lib\endorsed"/>
    <property name="java.runtime.name" value="Java(TM) SE Runtime Environment"/>
    <property name="file.encoding" value="GBK"/>
    <property name="java.vm.name" value="Java HotSpot(TM) 64-Bit Server VM"/>
    <property name="localRepository" value="D:\Program Files (x86)\apache-maven-3.6.3\Repository"/>
    <property name="java.vendor.url.bug" value="http://bugreport.sun.com/bugreport/"/>
    <property name="java.io.tmpdir" value="C:\Users\apric\AppData\Local\Temp\"/>
    <property name="idea.version" value="2020.3.3"/>
    <property name="java.version" value="1.8.0_281"/>
    <property name="user.dir" value="D:\idea_workplace\GTA5Forum"/>
    <property name="os.arch" value="amd64"/>
    <property name="java.vm.specification.name" value="Java Virtual Machine Specification"/>
    <property name="java.awt.printerjob" value="sun.awt.windows.WPrinterJob"/>
    <property name="sun.os.patch.level" value=""/>
    <property name="java.library.path" value="C:\Program Files\Java\jdk1.8.0_281\jre\bin;C:\Windows\Sun\Java\bin;C:\Windows\system32;C:\Windows;C:\Program Files (x86)\Intel\Intel(R) Management Engine Components\iCLS\;C:\Program Files\Intel\Intel(R) Management Engine Components\iCLS\;C:\Program Files\Java\jdk1.8.0_281\bin;C:\Program Files\Java\jdk1.8.0_281\jre\bin;C:\ProgramData\Oracle\Java\javapath;C:\Windows\system32;C:\Windows;C:\Windows\System32\Wbem;C:\Windows\System32\WindowsPowerShell\v1.0\;C:\Program Files (x86)\Intel\Intel(R) Management Engine Components\DAL;C:\Program Files\Intel\Intel(R) Management Engine Components\DAL;C:\Program Files (x86)\Intel\Intel(R) Management Engine Components\IPT;C:\Program Files\Intel\Intel(R) Management Engine Components\IPT;C:\Windows\system32;C:\Windows;C:\Windows\System32\Wbem;C:\Windows\System32\WindowsPowerShell\v1.0\;C:\Windows\System32\OpenSSH\;D:\Program Files (x86)\apache-maven-3.6.3\bin;C:\Program Files\MySQL\MySQL Server 5.7\bin;D:\Program Files (x86)\apache-tomcat-9.0.43\bin;D:\Program Files (x86)\apache-tomcat-9.0.43\lib;C:\Program Files (x86)\NVIDIA Corporation\PhysX\Common;C:\Program Files\NVIDIA Corporation\NVIDIA NvDLISR;C:\Program Files\MySQL\MySQL Shell 8.0\bin\;C:\Users\apric\AppData\Local\Microsoft\WindowsApps;;."/>
    <property name="java.vm.info" value="mixed mode"/>
    <property name="java.vendor" value="Oracle Corporation"/>
    <property name="java.vm.version" value="25.281-b09"/>
    <property name="java.ext.dirs" value="C:\Program Files\Java\jdk1.8.0_281\jre\lib\ext;C:\Windows\Sun\Java\lib\ext"/>
    <property name="sun.io.unicode.encoding" value="UnicodeLittle"/>
    <property name="maven.repo.local" value="D:\Program Files (x86)\apache-maven-3.6.3\Repository"/>
    <property name="java.class.version" value="52.0"/>
  </properties>
  <testcase name="contextLoads" classname="top.apricityoba.forum.CommunityApplicationTests" time="0.312"/>
</testsuite>